Analysis & Synthesis report for convolution
Wed Apr 10 13:05:16 2024
Quartus Prime Version 22.1std.0 Build 915 10/25/2022 SC Lite Edition


---------------------
; Table of Contents ;
---------------------
  1. Legal Notice
  2. Analysis & Synthesis Summary
  3. Analysis & Synthesis Settings
  4. Parallel Compilation
  5. Analysis & Synthesis Source Files Read
  6. Analysis & Synthesis Resource Usage Summary
  7. Analysis & Synthesis Resource Utilization by Entity
  8. State Machine - |convolution|s
  9. Registers Removed During Synthesis
 10. Removed Registers Triggering Further Register Optimizations
 11. General Register Statistics
 12. Inverted Register Statistics
 13. Multiplexer Restructuring Statistics (Restructuring Performed)
 14. Post-Synthesis Netlist Statistics for Top Partition
 15. Elapsed Time Per Partition
 16. Analysis & Synthesis Messages



----------------
; Legal Notice ;
----------------
Copyright (C) 2022  Intel Corporation. All rights reserved.
Your use of Intel Corporation's design tools, logic functions 
and other software and tools, and any partner logic 
functions, and any output files from any of the foregoing 
(including device programming or simulation files), and any 
associated documentation or information are expressly subject 
to the terms and conditions of the Intel Program License 
Subscription Agreement, the Intel Quartus Prime License Agreement,
the Intel FPGA IP License Agreement, or other applicable license
agreement, including, without limitation, that your use is for
the sole purpose of programming logic devices manufactured by
Intel and sold by Intel or its authorized distributors.  Please
refer to the applicable agreement for further details, at
https://fpgasoftware.intel.com/eula.



+----------------------------------------------------------------------------------+
; Analysis & Synthesis Summary                                                     ;
+---------------------------------+------------------------------------------------+
; Analysis & Synthesis Status     ; Successful - Wed Apr 10 13:05:14 2024          ;
; Quartus Prime Version           ; 22.1std.0 Build 915 10/25/2022 SC Lite Edition ;
; Revision Name                   ; convolution                                    ;
; Top-level Entity Name           ; convolution                                    ;
; Family                          ; Cyclone V                                      ;
; Logic utilization (in ALMs)     ; N/A                                            ;
; Total registers                 ; 25147                                          ;
; Total pins                      ; 82                                             ;
; Total virtual pins              ; 0                                              ;
; Total block memory bits         ; 0                                              ;
; Total DSP Blocks                ; 0                                              ;
; Total HSSI RX PCSs              ; 0                                              ;
; Total HSSI PMA RX Deserializers ; 0                                              ;
; Total HSSI TX PCSs              ; 0                                              ;
; Total HSSI PMA TX Serializers   ; 0                                              ;
; Total PLLs                      ; 0                                              ;
; Total DLLs                      ; 0                                              ;
+---------------------------------+------------------------------------------------+


+---------------------------------------------------------------------------------------------------------------------------+
; Analysis & Synthesis Settings                                                                                             ;
+---------------------------------------------------------------------------------+--------------------+--------------------+
; Option                                                                          ; Setting            ; Default Value      ;
+---------------------------------------------------------------------------------+--------------------+--------------------+
; Device                                                                          ; 5CGXFC9C7F23C8     ;                    ;
; Top-level entity name                                                           ; convolution        ; convolution        ;
; Family name                                                                     ; Cyclone V          ; Cyclone V          ;
; VHDL Show LMF Mapping Messages                                                  ; Off                ;                    ;
; VHDL Version                                                                    ; VHDL_2008          ; VHDL_1993          ;
; Use smart compilation                                                           ; Off                ; Off                ;
; Enable parallel Assembler and Timing Analyzer during compilation                ; On                 ; On                 ;
; Enable compact report table                                                     ; Off                ; Off                ;
; Restructure Multiplexers                                                        ; Auto               ; Auto               ;
; MLAB Add Timing Constraints For Mixed-Port Feed-Through Mode Setting Don't Care ; Off                ; Off                ;
; Create Debugging Nodes for IP Cores                                             ; Off                ; Off                ;
; Preserve fewer node names                                                       ; On                 ; On                 ;
; Intel FPGA IP Evaluation Mode                                                   ; Enable             ; Enable             ;
; Verilog Version                                                                 ; Verilog_2001       ; Verilog_2001       ;
; State Machine Processing                                                        ; Auto               ; Auto               ;
; Safe State Machine                                                              ; Off                ; Off                ;
; Extract Verilog State Machines                                                  ; On                 ; On                 ;
; Extract VHDL State Machines                                                     ; On                 ; On                 ;
; Ignore Verilog initial constructs                                               ; Off                ; Off                ;
; Iteration limit for constant Verilog loops                                      ; 5000               ; 5000               ;
; Iteration limit for non-constant Verilog loops                                  ; 250                ; 250                ;
; Add Pass-Through Logic to Inferred RAMs                                         ; On                 ; On                 ;
; Infer RAMs from Raw Logic                                                       ; On                 ; On                 ;
; Parallel Synthesis                                                              ; On                 ; On                 ;
; DSP Block Balancing                                                             ; Auto               ; Auto               ;
; NOT Gate Push-Back                                                              ; On                 ; On                 ;
; Power-Up Don't Care                                                             ; On                 ; On                 ;
; Remove Redundant Logic Cells                                                    ; Off                ; Off                ;
; Remove Duplicate Registers                                                      ; On                 ; On                 ;
; Ignore CARRY Buffers                                                            ; Off                ; Off                ;
; Ignore CASCADE Buffers                                                          ; Off                ; Off                ;
; Ignore GLOBAL Buffers                                                           ; Off                ; Off                ;
; Ignore ROW GLOBAL Buffers                                                       ; Off                ; Off                ;
; Ignore LCELL Buffers                                                            ; Off                ; Off                ;
; Ignore SOFT Buffers                                                             ; On                 ; On                 ;
; Limit AHDL Integers to 32 Bits                                                  ; Off                ; Off                ;
; Optimization Technique                                                          ; Balanced           ; Balanced           ;
; Carry Chain Length                                                              ; 70                 ; 70                 ;
; Auto Carry Chains                                                               ; On                 ; On                 ;
; Auto Open-Drain Pins                                                            ; On                 ; On                 ;
; Perform WYSIWYG Primitive Resynthesis                                           ; Off                ; Off                ;
; Auto ROM Replacement                                                            ; On                 ; On                 ;
; Auto RAM Replacement                                                            ; On                 ; On                 ;
; Auto DSP Block Replacement                                                      ; On                 ; On                 ;
; Auto Shift Register Replacement                                                 ; Auto               ; Auto               ;
; Allow Shift Register Merging across Hierarchies                                 ; Auto               ; Auto               ;
; Auto Clock Enable Replacement                                                   ; On                 ; On                 ;
; Strict RAM Replacement                                                          ; Off                ; Off                ;
; Allow Synchronous Control Signals                                               ; On                 ; On                 ;
; Force Use of Synchronous Clear Signals                                          ; Off                ; Off                ;
; Auto Resource Sharing                                                           ; Off                ; Off                ;
; Allow Any RAM Size For Recognition                                              ; Off                ; Off                ;
; Allow Any ROM Size For Recognition                                              ; Off                ; Off                ;
; Allow Any Shift Register Size For Recognition                                   ; Off                ; Off                ;
; Use LogicLock Constraints during Resource Balancing                             ; On                 ; On                 ;
; Ignore translate_off and synthesis_off directives                               ; Off                ; Off                ;
; Timing-Driven Synthesis                                                         ; On                 ; On                 ;
; Report Parameter Settings                                                       ; On                 ; On                 ;
; Report Source Assignments                                                       ; On                 ; On                 ;
; Report Connectivity Checks                                                      ; On                 ; On                 ;
; Ignore Maximum Fan-Out Assignments                                              ; Off                ; Off                ;
; Synchronization Register Chain Length                                           ; 3                  ; 3                  ;
; Power Optimization During Synthesis                                             ; Normal compilation ; Normal compilation ;
; HDL message level                                                               ; Level2             ; Level2             ;
; Suppress Register Optimization Related Messages                                 ; Off                ; Off                ;
; Number of Removed Registers Reported in Synthesis Report                        ; 5000               ; 5000               ;
; Number of Swept Nodes Reported in Synthesis Report                              ; 5000               ; 5000               ;
; Number of Inverted Registers Reported in Synthesis Report                       ; 100                ; 100                ;
; Clock MUX Protection                                                            ; On                 ; On                 ;
; Auto Gated Clock Conversion                                                     ; Off                ; Off                ;
; Block Design Naming                                                             ; Auto               ; Auto               ;
; SDC constraint protection                                                       ; Off                ; Off                ;
; Synthesis Effort                                                                ; Auto               ; Auto               ;
; Shift Register Replacement - Allow Asynchronous Clear Signal                    ; On                 ; On                 ;
; Pre-Mapping Resynthesis Optimization                                            ; Off                ; Off                ;
; Analysis & Synthesis Message Level                                              ; Medium             ; Medium             ;
; Disable Register Merging Across Hierarchies                                     ; Auto               ; Auto               ;
; Resource Aware Inference For Block RAM                                          ; On                 ; On                 ;
; Automatic Parallel Synthesis                                                    ; On                 ; On                 ;
; Partial Reconfiguration Bitstream ID                                            ; Off                ; Off                ;
+---------------------------------------------------------------------------------+--------------------+--------------------+


+------------------------------------------+
; Parallel Compilation                     ;
+----------------------------+-------------+
; Processors                 ; Number      ;
+----------------------------+-------------+
; Number detected on machine ; 16          ;
; Maximum allowed            ; 8           ;
;                            ;             ;
; Average used               ; 1.78        ;
; Maximum used               ; 8           ;
;                            ;             ;
; Usage by Processor         ; % Time Used ;
;     Processor 1            ; 100.0%      ;
;     Processor 2            ;  11.3%      ;
;     Processor 3            ;  11.3%      ;
;     Processor 4            ;  11.3%      ;
;     Processor 5            ;  11.1%      ;
;     Processor 6            ;  11.1%      ;
;     Processor 7            ;  11.1%      ;
;     Processor 8            ;  11.0%      ;
+----------------------------+-------------+


+--------------------------------------------------------------------------------------------------------------------------------------------------------------------------------------------------+
; Analysis & Synthesis Source Files Read                                                                                                                                                           ;
+----------------------------------+-----------------+-----------------+-----------------------------------------------------------------------------------------------------------------+---------+
; File Name with User-Entered Path ; Used in Netlist ; File Type       ; File Name with Absolute Path                                                                                    ; Library ;
+----------------------------------+-----------------+-----------------+-----------------------------------------------------------------------------------------------------------------+---------+
; convolution.vhd                  ; yes             ; User VHDL File  ; D:/RESEARCH/My_Papers/My_Paper4_DHT2Conv/Code/2D_Convolution_Using_VHDL/Triditional_Convolution/convolution.vhd ;         ;
+----------------------------------+-----------------+-----------------+-----------------------------------------------------------------------------------------------------------------+---------+


+-----------------------------------------------------------+
; Analysis & Synthesis Resource Usage Summary               ;
+---------------------------------------------+-------------+
; Resource                                    ; Usage       ;
+---------------------------------------------+-------------+
; Estimate of Logic utilization (ALMs needed) ; 40586       ;
;                                             ;             ;
; Combinational ALUT usage for logic          ; 77537       ;
;     -- 7 input functions                    ; 150         ;
;     -- 6 input functions                    ; 3480        ;
;     -- 5 input functions                    ; 14386       ;
;     -- 4 input functions                    ; 11668       ;
;     -- <=3 input functions                  ; 47853       ;
;                                             ;             ;
; Dedicated logic registers                   ; 25147       ;
;                                             ;             ;
; I/O pins                                    ; 82          ;
;                                             ;             ;
; Total DSP Blocks                            ; 0           ;
;                                             ;             ;
; Maximum fan-out node                        ; clock~input ;
; Maximum fan-out                             ; 25147       ;
; Total fan-out                               ; 399235      ;
; Average fan-out                             ; 3.88        ;
+---------------------------------------------+-------------+


+----------------------------------------------------------------------------------------------------------------------------------------------------------------------------------------+
; Analysis & Synthesis Resource Utilization by Entity                                                                                                                                    ;
+----------------------------+---------------------+---------------------------+-------------------+------------+------+--------------+---------------------+-------------+--------------+
; Compilation Hierarchy Node ; Combinational ALUTs ; Dedicated Logic Registers ; Block Memory Bits ; DSP Blocks ; Pins ; Virtual Pins ; Full Hierarchy Name ; Entity Name ; Library Name ;
+----------------------------+---------------------+---------------------------+-------------------+------------+------+--------------+---------------------+-------------+--------------+
; |convolution               ; 77537 (77537)       ; 25147 (25147)             ; 0                 ; 0          ; 82   ; 0            ; |convolution        ; convolution ; work         ;
+----------------------------+---------------------+---------------------------+-------------------+------------+------+--------------+---------------------+-------------+--------------+
Note: For table entries with two numbers listed, the numbers in parentheses indicate the number of resources of the given type used by the specific entity alone. The numbers listed outside of parentheses indicate the total resources of the given type used by the specific entity and all of its sub-entities in the hierarchy.


Encoding Type:  One-Hot
+----------------------------------------------+
; State Machine - |convolution|s               ;
+---------+--------+--------+--------+---------+
; Name    ; s.done ; s.calc ; s.load ; s.start ;
+---------+--------+--------+--------+---------+
; s.start ; 0      ; 0      ; 0      ; 0       ;
; s.load  ; 0      ; 0      ; 1      ; 1       ;
; s.calc  ; 0      ; 1      ; 0      ; 1       ;
; s.done  ; 1      ; 0      ; 0      ; 1       ;
+---------+--------+--------+--------+---------+


+---------------------------------------------------------------------------------+
; Registers Removed During Synthesis                                              ;
+----------------------------------------+----------------------------------------+
; Register name                          ; Reason for Removal                     ;
+----------------------------------------+----------------------------------------+
; mul[0]                                 ; Merged with add[0]                     ;
; add[0..3]                              ; Stuck at GND due to stuck port data_in ;
; mul[1..3]                              ; Stuck at GND due to stuck port data_in ;
; additions[3]~reg0                      ; Stuck at GND due to stuck port data_in ;
; additions[2]~reg0                      ; Stuck at GND due to stuck port data_in ;
; additions[1]~reg0                      ; Stuck at GND due to stuck port data_in ;
; additions[0]~reg0                      ; Stuck at GND due to stuck port data_in ;
; multipls[3]~reg0                       ; Stuck at GND due to stuck port data_in ;
; multipls[2]~reg0                       ; Stuck at GND due to stuck port data_in ;
; multipls[1]~reg0                       ; Stuck at GND due to stuck port data_in ;
; multipls[0]~reg0                       ; Stuck at GND due to stuck port data_in ;
; Total Number of Removed Registers = 16 ;                                        ;
+----------------------------------------+----------------------------------------+


+------------------------------------------------------------------------------------+
; Removed Registers Triggering Further Register Optimizations                        ;
+---------------+---------------------------+----------------------------------------+
; Register name ; Reason for Removal        ; Registers Removed due to This Register ;
+---------------+---------------------------+----------------------------------------+
; add[0]        ; Stuck at GND              ; additions[0]~reg0, multipls[0]~reg0    ;
;               ; due to stuck port data_in ;                                        ;
; add[3]        ; Stuck at GND              ; additions[3]~reg0                      ;
;               ; due to stuck port data_in ;                                        ;
; add[2]        ; Stuck at GND              ; additions[2]~reg0                      ;
;               ; due to stuck port data_in ;                                        ;
; add[1]        ; Stuck at GND              ; additions[1]~reg0                      ;
;               ; due to stuck port data_in ;                                        ;
; mul[3]        ; Stuck at GND              ; multipls[3]~reg0                       ;
;               ; due to stuck port data_in ;                                        ;
; mul[2]        ; Stuck at GND              ; multipls[2]~reg0                       ;
;               ; due to stuck port data_in ;                                        ;
; mul[1]        ; Stuck at GND              ; multipls[1]~reg0                       ;
;               ; due to stuck port data_in ;                                        ;
+---------------+---------------------------+----------------------------------------+


+------------------------------------------------------+
; General Register Statistics                          ;
+----------------------------------------------+-------+
; Statistic                                    ; Value ;
+----------------------------------------------+-------+
; Total registers                              ; 25147 ;
; Number of registers using Synchronous Clear  ; 20    ;
; Number of registers using Synchronous Load   ; 0     ;
; Number of registers using Asynchronous Clear ; 5     ;
; Number of registers using Asynchronous Load  ; 0     ;
; Number of registers using Clock Enable       ; 25142 ;
; Number of registers using Preset             ; 0     ;
+----------------------------------------------+-------+


+------------------------------------------------------+
; Inverted Register Statistics                         ;
+--------------------------------------------+---------+
; Inverted Register                          ; Fan out ;
+--------------------------------------------+---------+
; additions[19]~reg0                         ; 1       ;
; multipls[19]~reg0                          ; 1       ;
; Cnv[19]~reg0                               ; 1       ;
; add[19]                                    ; 3       ;
; mul[19]                                    ; 3       ;
; Conv_img[5][13][19]                        ; 2       ;
; Conv_img[5][15][19]                        ; 2       ;
; Conv_img[5][12][19]                        ; 2       ;
; Conv_img[5][14][19]                        ; 2       ;
; Conv_img[5][5][19]                         ; 2       ;
; Conv_img[5][7][19]                         ; 2       ;
; Conv_img[5][4][19]                         ; 2       ;
; Conv_img[5][6][19]                         ; 2       ;
; Conv_img[5][21][19]                        ; 2       ;
; Conv_img[5][23][19]                        ; 2       ;
; Conv_img[5][20][19]                        ; 2       ;
; Conv_img[5][22][19]                        ; 2       ;
; Conv_img[7][13][19]                        ; 2       ;
; Conv_img[7][15][19]                        ; 2       ;
; Conv_img[7][12][19]                        ; 2       ;
; Conv_img[7][14][19]                        ; 2       ;
; Conv_img[7][5][19]                         ; 2       ;
; Conv_img[7][7][19]                         ; 2       ;
; Conv_img[7][4][19]                         ; 2       ;
; Conv_img[7][6][19]                         ; 2       ;
; Conv_img[7][21][19]                        ; 2       ;
; Conv_img[7][23][19]                        ; 2       ;
; Conv_img[7][20][19]                        ; 2       ;
; Conv_img[7][22][19]                        ; 2       ;
; Conv_img[4][13][19]                        ; 2       ;
; Conv_img[4][15][19]                        ; 2       ;
; Conv_img[4][12][19]                        ; 2       ;
; Conv_img[4][14][19]                        ; 2       ;
; Conv_img[4][5][19]                         ; 2       ;
; Conv_img[4][7][19]                         ; 2       ;
; Conv_img[4][4][19]                         ; 2       ;
; Conv_img[4][6][19]                         ; 2       ;
; Conv_img[4][21][19]                        ; 2       ;
; Conv_img[4][23][19]                        ; 2       ;
; Conv_img[4][20][19]                        ; 2       ;
; Conv_img[4][22][19]                        ; 2       ;
; Conv_img[6][13][19]                        ; 2       ;
; Conv_img[6][15][19]                        ; 2       ;
; Conv_img[6][12][19]                        ; 2       ;
; Conv_img[6][14][19]                        ; 2       ;
; Conv_img[6][5][19]                         ; 2       ;
; Conv_img[6][7][19]                         ; 2       ;
; Conv_img[6][4][19]                         ; 2       ;
; Conv_img[6][6][19]                         ; 2       ;
; Conv_img[6][21][19]                        ; 2       ;
; Conv_img[6][23][19]                        ; 2       ;
; Conv_img[6][20][19]                        ; 2       ;
; Conv_img[6][22][19]                        ; 2       ;
; Conv_img[13][13][19]                       ; 2       ;
; Conv_img[13][15][19]                       ; 2       ;
; Conv_img[13][12][19]                       ; 2       ;
; Conv_img[13][14][19]                       ; 2       ;
; Conv_img[13][5][19]                        ; 2       ;
; Conv_img[13][7][19]                        ; 2       ;
; Conv_img[13][4][19]                        ; 2       ;
; Conv_img[13][6][19]                        ; 2       ;
; Conv_img[13][21][19]                       ; 2       ;
; Conv_img[13][23][19]                       ; 2       ;
; Conv_img[13][20][19]                       ; 2       ;
; Conv_img[13][22][19]                       ; 2       ;
; Conv_img[15][13][19]                       ; 2       ;
; Conv_img[15][15][19]                       ; 2       ;
; Conv_img[15][12][19]                       ; 2       ;
; Conv_img[15][14][19]                       ; 2       ;
; Conv_img[15][5][19]                        ; 2       ;
; Conv_img[15][7][19]                        ; 2       ;
; Conv_img[15][4][19]                        ; 2       ;
; Conv_img[15][6][19]                        ; 2       ;
; Conv_img[15][21][19]                       ; 2       ;
; Conv_img[15][23][19]                       ; 2       ;
; Conv_img[15][20][19]                       ; 2       ;
; Conv_img[15][22][19]                       ; 2       ;
; Conv_img[12][13][19]                       ; 2       ;
; Conv_img[12][15][19]                       ; 2       ;
; Conv_img[12][12][19]                       ; 2       ;
; Conv_img[12][14][19]                       ; 2       ;
; Conv_img[12][5][19]                        ; 2       ;
; Conv_img[12][7][19]                        ; 2       ;
; Conv_img[12][4][19]                        ; 2       ;
; Conv_img[12][6][19]                        ; 2       ;
; Conv_img[12][21][19]                       ; 2       ;
; Conv_img[12][23][19]                       ; 2       ;
; Conv_img[12][20][19]                       ; 2       ;
; Conv_img[12][22][19]                       ; 2       ;
; Conv_img[14][13][19]                       ; 2       ;
; Conv_img[14][15][19]                       ; 2       ;
; Conv_img[14][12][19]                       ; 2       ;
; Conv_img[14][14][19]                       ; 2       ;
; Conv_img[14][5][19]                        ; 2       ;
; Conv_img[14][7][19]                        ; 2       ;
; Conv_img[14][4][19]                        ; 2       ;
; Conv_img[14][6][19]                        ; 2       ;
; Conv_img[14][21][19]                       ; 2       ;
; Conv_img[14][23][19]                       ; 2       ;
; Conv_img[14][20][19]                       ; 2       ;
; Total number of inverted registers = 1257* ;         ;
+--------------------------------------------+---------+
* Table truncated at 100 items. To change the number of inverted registers reported, set the "Number of Inverted Registers Reported" option under Assignments->Settings->Analysis and Synthesis Settings->More Settings


+------------------------------------------------------------------------------------------------------------------------------------------+
; Multiplexer Restructuring Statistics (Restructuring Performed)                                                                           ;
+--------------------+-----------+---------------+----------------------+------------------------+------------+----------------------------+
; Multiplexer Inputs ; Bus Width ; Baseline Area ; Area if Restructured ; Saving if Restructured ; Registered ; Example Multiplexer Output ;
+--------------------+-----------+---------------+----------------------+------------------------+------------+----------------------------+
; 576:1              ; 19 bits   ; 7296 LEs      ; 7296 LEs             ; 0 LEs                  ; Yes        ; |convolution|Cnv[18]~reg0  ;
; 7:1                ; 9 bits    ; 36 LEs        ; 0 LEs                ; 36 LEs                 ; Yes        ; |convolution|c[1]          ;
; 8:1                ; 9 bits    ; 45 LEs        ; 0 LEs                ; 45 LEs                 ; Yes        ; |convolution|r[8]          ;
; 6:1                ; 2 bits    ; 8 LEs         ; 4 LEs                ; 4 LEs                  ; No         ; |convolution|Selector25081 ;
+--------------------+-----------+---------------+----------------------+------------------------+------------+----------------------------+


+-----------------------------------------------------+
; Post-Synthesis Netlist Statistics for Top Partition ;
+-----------------------+-----------------------------+
; Type                  ; Count                       ;
+-----------------------+-----------------------------+
; arriav_ff             ; 25147                       ;
;     CLR               ; 5                           ;
;     ENA               ; 25122                       ;
;     ENA SCLR          ; 20                          ;
; arriav_lcell_comb     ; 77541                       ;
;     arith             ; 2318                        ;
;         1 data inputs ; 2318                        ;
;     extend            ; 150                         ;
;         7 data inputs ; 150                         ;
;     normal            ; 29569                       ;
;         0 data inputs ; 1                           ;
;         1 data inputs ; 3                           ;
;         2 data inputs ; 15                          ;
;         3 data inputs ; 16                          ;
;         4 data inputs ; 11668                       ;
;         5 data inputs ; 14386                       ;
;         6 data inputs ; 3480                        ;
;     shared            ; 45504                       ;
;         2 data inputs ; 1152                        ;
;         3 data inputs ; 44352                       ;
; boundary_port         ; 82                          ;
;                       ;                             ;
; Max LUT depth         ; 84.40                       ;
; Average LUT depth     ; 6.37                        ;
+-----------------------+-----------------------------+


+-------------------------------+
; Elapsed Time Per Partition    ;
+----------------+--------------+
; Partition Name ; Elapsed Time ;
+----------------+--------------+
; Top            ; 00:00:46     ;
+----------------+--------------+


+-------------------------------+
; Analysis & Synthesis Messages ;
+-------------------------------+
Info: *******************************************************************
Info: Running Quartus Prime Analysis & Synthesis
    Info: Version 22.1std.0 Build 915 10/25/2022 SC Lite Edition
    Info: Processing started: Wed Apr 10 13:03:22 2024
Info: Command: quartus_map --read_settings_files=on --write_settings_files=off convolution -c convolution
Warning (18236): Number of processors has not been specified which may cause overloading on shared machines.  Set the global assignment NUM_PARALLEL_PROCESSORS in your QSF to an appropriate value for best performance.
Info (20030): Parallel compilation is enabled and will use 8 of the 8 processors detected
Info (12021): Found 3 design units, including 1 entities, in source file convolution.vhd
    Info (12022): Found design unit 1: Convolution_pkg File: D:/RESEARCH/My_Papers/My_Paper4_DHT2Conv/Code/2D_Convolution_Using_VHDL/Triditional_Convolution/convolution.vhd Line: 5
    Info (12022): Found design unit 2: convolution-Behavioral File: D:/RESEARCH/My_Papers/My_Paper4_DHT2Conv/Code/2D_Convolution_Using_VHDL/Triditional_Convolution/convolution.vhd Line: 37
    Info (12023): Found entity 1: convolution File: D:/RESEARCH/My_Papers/My_Paper4_DHT2Conv/Code/2D_Convolution_Using_VHDL/Triditional_Convolution/convolution.vhd Line: 28
Info (12127): Elaborating entity "convolution" for the top level hierarchy
Warning (10639): VHDL warning at convolution.vhd(12): constant value overflow File: D:/RESEARCH/My_Papers/My_Paper4_DHT2Conv/Code/2D_Convolution_Using_VHDL/Triditional_Convolution/convolution.vhd Line: 12
Warning (10542): VHDL Variable Declaration warning at convolution.vhd(53): used initial value expression for variable "n_i_width" because variable was never assigned a value File: D:/RESEARCH/My_Papers/My_Paper4_DHT2Conv/Code/2D_Convolution_Using_VHDL/Triditional_Convolution/convolution.vhd Line: 53
Warning (10542): VHDL Variable Declaration warning at convolution.vhd(54): used initial value expression for variable "n_i_height" because variable was never assigned a value File: D:/RESEARCH/My_Papers/My_Paper4_DHT2Conv/Code/2D_Convolution_Using_VHDL/Triditional_Convolution/convolution.vhd Line: 54
Warning (10492): VHDL Process Statement warning at convolution.vhd(58): signal "rst" is read inside the Process Statement but isn't in the Process Statement's sensitivity list File: D:/RESEARCH/My_Papers/My_Paper4_DHT2Conv/Code/2D_Convolution_Using_VHDL/Triditional_Convolution/convolution.vhd Line: 58
Info (10008): Verilog HDL or VHDL information: EDA Netlist Writer cannot regroup multidimensional array "Reg_img" into its bus
Info (10008): Verilog HDL or VHDL information: EDA Netlist Writer cannot regroup multidimensional array "Conv_img" into its bus
Warning (13024): Output pins are stuck at VCC or GND
    Warning (13410): Pin "additions[0]" is stuck at GND File: D:/RESEARCH/My_Papers/My_Paper4_DHT2Conv/Code/2D_Convolution_Using_VHDL/Triditional_Convolution/convolution.vhd Line: 58
    Warning (13410): Pin "additions[1]" is stuck at GND File: D:/RESEARCH/My_Papers/My_Paper4_DHT2Conv/Code/2D_Convolution_Using_VHDL/Triditional_Convolution/convolution.vhd Line: 58
    Warning (13410): Pin "additions[2]" is stuck at GND File: D:/RESEARCH/My_Papers/My_Paper4_DHT2Conv/Code/2D_Convolution_Using_VHDL/Triditional_Convolution/convolution.vhd Line: 58
    Warning (13410): Pin "additions[3]" is stuck at GND File: D:/RESEARCH/My_Papers/My_Paper4_DHT2Conv/Code/2D_Convolution_Using_VHDL/Triditional_Convolution/convolution.vhd Line: 58
    Warning (13410): Pin "multipls[0]" is stuck at GND File: D:/RESEARCH/My_Papers/My_Paper4_DHT2Conv/Code/2D_Convolution_Using_VHDL/Triditional_Convolution/convolution.vhd Line: 58
    Warning (13410): Pin "multipls[1]" is stuck at GND File: D:/RESEARCH/My_Papers/My_Paper4_DHT2Conv/Code/2D_Convolution_Using_VHDL/Triditional_Convolution/convolution.vhd Line: 58
    Warning (13410): Pin "multipls[2]" is stuck at GND File: D:/RESEARCH/My_Papers/My_Paper4_DHT2Conv/Code/2D_Convolution_Using_VHDL/Triditional_Convolution/convolution.vhd Line: 58
    Warning (13410): Pin "multipls[3]" is stuck at GND File: D:/RESEARCH/My_Papers/My_Paper4_DHT2Conv/Code/2D_Convolution_Using_VHDL/Triditional_Convolution/convolution.vhd Line: 58
Info (286030): Timing-Driven Synthesis is running
Info (16010): Generating hard_block partition "hard_block:auto_generated_inst"
    Info (16011): Adding 0 node(s), including 0 DDIO, 0 PLL, 0 transceiver and 0 LCELL
Info (21057): Implemented 77653 device resources after synthesis - the final resource count might be different
    Info (21058): Implemented 22 input pins
    Info (21059): Implemented 60 output pins
    Info (21061): Implemented 77571 logic cells
Info: Quartus Prime Analysis & Synthesis was successful. 0 errors, 14 warnings
    Info: Peak virtual memory: 5641 megabytes
    Info: Processing ended: Wed Apr 10 13:05:16 2024
    Info: Elapsed time: 00:01:54
    Info: Total CPU time (on all processors): 00:03:03


